<?xml version="1.0" encoding="UTF-8"?>
<checkstyle version="9.3">
<file name="C:\Users\gousis\Documents\Πανεπιστήμιο\3ο Εξάμηνο\Προγραμματισμός II\Ομαδική\Programming-II\social-network\src\main\java\com\dmst\president\App.java">
<error line="1" severity="error" message="Missing package-info.java file." source="com.puppycrawl.tools.checkstyle.checks.javadoc.JavadocPackageCheck"/>
<error line="7" severity="error" message="Line has trailing spaces." source="com.puppycrawl.tools.checkstyle.checks.regexp.RegexpSinglelineCheck"/>
<error line="7" column="1" severity="error" message="Utility classes should not have a public or default constructor." source="com.puppycrawl.tools.checkstyle.checks.design.HideUtilityClassConstructorCheck"/>
<error line="8" column="1" severity="error" message="&apos;{&apos; at column 1 should be on the previous line." source="com.puppycrawl.tools.checkstyle.checks.blocks.LeftCurlyCheck"/>
<error line="9" column="28" severity="error" message="&apos;(&apos; is followed by whitespace." source="com.puppycrawl.tools.checkstyle.checks.whitespace.ParenPadCheck"/>
<error line="9" column="30" severity="error" message="Parameter args should be final." source="com.puppycrawl.tools.checkstyle.checks.FinalParametersCheck"/>
<error line="9" column="44" severity="error" message="&apos;)&apos; is preceded with whitespace." source="com.puppycrawl.tools.checkstyle.checks.whitespace.ParenPadCheck"/>
<error line="10" column="5" severity="error" message="&apos;{&apos; at column 5 should be on the previous line." source="com.puppycrawl.tools.checkstyle.checks.blocks.LeftCurlyCheck"/>
<error line="11" column="27" severity="error" message="&apos;(&apos; is followed by whitespace." source="com.puppycrawl.tools.checkstyle.checks.whitespace.ParenPadCheck"/>
<error line="11" column="44" severity="error" message="&apos;)&apos; is preceded with whitespace." source="com.puppycrawl.tools.checkstyle.checks.whitespace.ParenPadCheck"/>
</file>
<file name="C:\Users\gousis\Documents\Πανεπιστήμιο\3ο Εξάμηνο\Προγραμματισμός II\Ομαδική\Programming-II\social-network\src\main\java\com\dmst\president\Login.java">
<error line="4" column="10" severity="error" message="Variable &apos;connection&apos; must be private and have accessor methods." source="com.puppycrawl.tools.checkstyle.checks.design.VisibilityModifierCheck"/>
<error line="5" column="12" severity="error" message="Variable &apos;username&apos; must be private and have accessor methods." source="com.puppycrawl.tools.checkstyle.checks.design.VisibilityModifierCheck"/>
<error line="6" column="12" severity="error" message="Variable &apos;password&apos; must be private and have accessor methods." source="com.puppycrawl.tools.checkstyle.checks.design.VisibilityModifierCheck"/>
<error line="7" column="13" severity="error" message="Variable &apos;in&apos; must be private and have accessor methods." source="com.puppycrawl.tools.checkstyle.checks.design.VisibilityModifierCheck"/>
<error line="8" column="5" severity="error" message="Class &apos;Login&apos; looks like designed for extension (can be subclassed), but the method &apos;ask_userName&apos; does not have javadoc that explains how to do that safely. If class is not designed for extension consider making the class &apos;Login&apos; final or making the method &apos;ask_userName&apos; static/final/abstract/empty, or adding allowed annotation for the method." source="com.puppycrawl.tools.checkstyle.checks.design.DesignForExtensionCheck"/>
<error line="8" column="10" severity="error" message="Name &apos;ask_userName&apos; must match pattern &apos;^[a-z][a-zA-Z0-9]*$&apos;." source="com.puppycrawl.tools.checkstyle.checks.naming.MethodNameCheck"/>
<error line="12" column="5" severity="error" message="Class &apos;Login&apos; looks like designed for extension (can be subclassed), but the method &apos;ask_password&apos; does not have javadoc that explains how to do that safely. If class is not designed for extension consider making the class &apos;Login&apos; final or making the method &apos;ask_password&apos; static/final/abstract/empty, or adding allowed annotation for the method." source="com.puppycrawl.tools.checkstyle.checks.design.DesignForExtensionCheck"/>
<error line="12" column="10" severity="error" message="Name &apos;ask_password&apos; must match pattern &apos;^[a-z][a-zA-Z0-9]*$&apos;." source="com.puppycrawl.tools.checkstyle.checks.naming.MethodNameCheck"/>
<error line="14" column="17" severity="error" message="&apos;=&apos; is not followed by whitespace." source="com.puppycrawl.tools.checkstyle.checks.whitespace.WhitespaceAroundCheck"/>
<error line="14" column="17" severity="error" message="&apos;=&apos; is not preceded with whitespace." source="com.puppycrawl.tools.checkstyle.checks.whitespace.WhitespaceAroundCheck"/>
<error line="16" column="5" severity="error" message="Class &apos;Login&apos; looks like designed for extension (can be subclassed), but the method &apos;connectornot&apos; does not have javadoc that explains how to do that safely. If class is not designed for extension consider making the class &apos;Login&apos; final or making the method &apos;connectornot&apos; static/final/abstract/empty, or adding allowed annotation for the method." source="com.puppycrawl.tools.checkstyle.checks.design.DesignForExtensionCheck"/>
<error line="17" column="33" severity="error" message="Inner assignments should be avoided." source="com.puppycrawl.tools.checkstyle.checks.coding.InnerAssignmentCheck"/>
<error line="18" severity="error" message="Line is longer than 80 characters (found 89)." source="com.puppycrawl.tools.checkstyle.checks.sizes.LineLengthCheck"/>
<error line="19" column="9" severity="error" message="&apos;}&apos; at column 9 should be on the same line as the next part of a multi-block statement (one that directly contains multiple blocks: if/else-if/else, do/while or try/catch/finally)." source="com.puppycrawl.tools.checkstyle.checks.blocks.RightCurlyCheck"/>
</file>
<file name="C:\Users\gousis\Documents\Πανεπιστήμιο\3ο Εξάμηνο\Προγραμματισμός II\Ομαδική\Programming-II\social-network\src\main\java\com\dmst\president\Message.java">
<error line="2" severity="error" message="Line has trailing spaces." source="com.puppycrawl.tools.checkstyle.checks.regexp.RegexpSinglelineCheck"/>
<error line="2" column="1" severity="error" message="File contains tab characters (this is the first instance)." source="com.puppycrawl.tools.checkstyle.checks.whitespace.FileTabCharacterCheck"/>
<error line="3" severity="error" message="Line is longer than 80 characters (found 148)." source="com.puppycrawl.tools.checkstyle.checks.sizes.LineLengthCheck"/>
<error line="3" column="29" severity="error" message="Name &apos;WELCOME_TEXT&apos; must match pattern &apos;^[a-z][a-zA-Z0-9]*$&apos;." source="com.puppycrawl.tools.checkstyle.checks.naming.MemberNameCheck"/>
<error line="3" column="29" severity="error" message="Variable &apos;WELCOME_TEXT&apos; must be private and have accessor methods." source="com.puppycrawl.tools.checkstyle.checks.design.VisibilityModifierCheck"/>
<error line="4" severity="error" message="Line has trailing spaces." source="com.puppycrawl.tools.checkstyle.checks.regexp.RegexpSinglelineCheck"/>
<error line="8" severity="error" message="Line has trailing spaces." source="com.puppycrawl.tools.checkstyle.checks.regexp.RegexpSinglelineCheck"/>
</file>
<file name="C:\Users\gousis\Documents\Πανεπιστήμιο\3ο Εξάμηνο\Προγραμματισμός II\Ομαδική\Programming-II\social-network\src\main\java\com\dmst\president\Post.java">
<error line="4" severity="error" message="Line has trailing spaces." source="com.puppycrawl.tools.checkstyle.checks.regexp.RegexpSinglelineCheck"/>
<error line="4" column="1" severity="error" message="File contains tab characters (this is the first instance)." source="com.puppycrawl.tools.checkstyle.checks.whitespace.FileTabCharacterCheck"/>
<error line="5" column="21" severity="error" message="Name &apos;creation_date&apos; must match pattern &apos;^[a-z][a-zA-Z0-9]*$&apos;." source="com.puppycrawl.tools.checkstyle.checks.naming.MemberNameCheck"/>
<error line="5" column="21" severity="error" message="Variable &apos;creation_date&apos; must be private and have accessor methods." source="com.puppycrawl.tools.checkstyle.checks.design.VisibilityModifierCheck"/>
<error line="6" column="20" severity="error" message="Variable &apos;likes&apos; must be private and have accessor methods." source="com.puppycrawl.tools.checkstyle.checks.design.VisibilityModifierCheck"/>
<error line="7" column="23" severity="error" message="Variable &apos;text&apos; must be private and have accessor methods." source="com.puppycrawl.tools.checkstyle.checks.design.VisibilityModifierCheck"/>
<error line="8" column="21" severity="error" message="Variable &apos;creator&apos; must be private and have accessor methods." source="com.puppycrawl.tools.checkstyle.checks.design.VisibilityModifierCheck"/>
<error line="9" severity="error" message="Line has trailing spaces." source="com.puppycrawl.tools.checkstyle.checks.regexp.RegexpSinglelineCheck"/>
<error line="10" column="9" severity="error" message="Redundant &apos;public&apos; modifier." source="com.puppycrawl.tools.checkstyle.checks.modifier.RedundantModifierCheck"/>
<error line="10" column="21" severity="error" message="Parameter creation_date should be final." source="com.puppycrawl.tools.checkstyle.checks.FinalParametersCheck"/>
<error line="10" column="26" severity="error" message="&apos;creation_date&apos; hides a field." source="com.puppycrawl.tools.checkstyle.checks.coding.HiddenFieldCheck"/>
<error line="10" column="26" severity="error" message="Name &apos;creation_date&apos; must match pattern &apos;^[a-z][a-zA-Z0-9]*$&apos;." source="com.puppycrawl.tools.checkstyle.checks.naming.ParameterNameCheck"/>
<error line="10" column="41" severity="error" message="Parameter text should be final." source="com.puppycrawl.tools.checkstyle.checks.FinalParametersCheck"/>
<error line="10" column="48" severity="error" message="&apos;text&apos; hides a field." source="com.puppycrawl.tools.checkstyle.checks.coding.HiddenFieldCheck"/>
<error line="10" column="54" severity="error" message="Parameter creator should be final." source="com.puppycrawl.tools.checkstyle.checks.FinalParametersCheck"/>
<error line="10" column="59" severity="error" message="&apos;creator&apos; hides a field." source="com.puppycrawl.tools.checkstyle.checks.coding.HiddenFieldCheck"/>
<error line="16" severity="error" message="Line has trailing spaces." source="com.puppycrawl.tools.checkstyle.checks.regexp.RegexpSinglelineCheck"/>
<error line="17" column="23" severity="error" message="Name &apos;create_Post&apos; must match pattern &apos;^[a-z][a-zA-Z0-9]*$&apos;." source="com.puppycrawl.tools.checkstyle.checks.naming.MethodNameCheck"/>
<error line="18" severity="error" message="Line is longer than 80 characters (found 115)." source="com.puppycrawl.tools.checkstyle.checks.sizes.LineLengthCheck"/>
<error line="18" column="32" severity="error" message="&apos;+&apos; is not followed by whitespace." source="com.puppycrawl.tools.checkstyle.checks.whitespace.WhitespaceAroundCheck"/>
<error line="18" column="55" severity="error" message="&apos;+&apos; is not preceded with whitespace." source="com.puppycrawl.tools.checkstyle.checks.whitespace.WhitespaceAroundCheck"/>
<error line="18" column="73" severity="error" message="&apos;+&apos; is not followed by whitespace." source="com.puppycrawl.tools.checkstyle.checks.whitespace.WhitespaceAroundCheck"/>
<error line="18" column="78" severity="error" message="&apos;+&apos; is not preceded with whitespace." source="com.puppycrawl.tools.checkstyle.checks.whitespace.WhitespaceAroundCheck"/>
<error line="18" column="101" severity="error" message="&apos;+&apos; is not followed by whitespace." source="com.puppycrawl.tools.checkstyle.checks.whitespace.WhitespaceAroundCheck"/>
<error line="20" column="21" severity="error" message="Name &apos;display_Post&apos; must match pattern &apos;^[a-z][a-zA-Z0-9]*$&apos;." source="com.puppycrawl.tools.checkstyle.checks.naming.MethodNameCheck"/>
<error line="26" severity="error" message="Line has trailing spaces." source="com.puppycrawl.tools.checkstyle.checks.regexp.RegexpSinglelineCheck"/>
</file>
<file name="C:\Users\gousis\Documents\Πανεπιστήμιο\3ο Εξάμηνο\Προγραμματισμός II\Ομαδική\Programming-II\social-network\src\main\java\com\dmst\president\SignUp.java">
<error line="4" column="12" severity="error" message="Variable &apos;fname&apos; must be private and have accessor methods." source="com.puppycrawl.tools.checkstyle.checks.design.VisibilityModifierCheck"/>
<error line="5" column="12" severity="error" message="Variable &apos;lname&apos; must be private and have accessor methods." source="com.puppycrawl.tools.checkstyle.checks.design.VisibilityModifierCheck"/>
<error line="6" column="12" severity="error" message="Variable &apos;uname&apos; must be private and have accessor methods." source="com.puppycrawl.tools.checkstyle.checks.design.VisibilityModifierCheck"/>
<error line="7" column="12" severity="error" message="Variable &apos;password&apos; must be private and have accessor methods." source="com.puppycrawl.tools.checkstyle.checks.design.VisibilityModifierCheck"/>
<error line="8" column="12" severity="error" message="Variable &apos;mail&apos; must be private and have accessor methods." source="com.puppycrawl.tools.checkstyle.checks.design.VisibilityModifierCheck"/>
<error line="9" column="12" severity="error" message="Variable &apos;snumber&apos; must be private and have accessor methods." source="com.puppycrawl.tools.checkstyle.checks.design.VisibilityModifierCheck"/>
<error line="10" column="10" severity="error" message="Variable &apos;dbirth&apos; must be private and have accessor methods." source="com.puppycrawl.tools.checkstyle.checks.design.VisibilityModifierCheck"/>
<error line="11" column="12" severity="error" message="Variable &apos;sdepartment&apos; must be private and have accessor methods." source="com.puppycrawl.tools.checkstyle.checks.design.VisibilityModifierCheck"/>
<error line="12" column="13" severity="error" message="Variable &apos;in&apos; must be private and have accessor methods." source="com.puppycrawl.tools.checkstyle.checks.design.VisibilityModifierCheck"/>
<error line="13" column="5" severity="error" message="Class &apos;SignUp&apos; looks like designed for extension (can be subclassed), but the method &apos;ask_firstName&apos; does not have javadoc that explains how to do that safely. If class is not designed for extension consider making the class &apos;SignUp&apos; final or making the method &apos;ask_firstName&apos; static/final/abstract/empty, or adding allowed annotation for the method." source="com.puppycrawl.tools.checkstyle.checks.design.DesignForExtensionCheck"/>
<error line="13" column="10" severity="error" message="Name &apos;ask_firstName&apos; must match pattern &apos;^[a-z][a-zA-Z0-9]*$&apos;." source="com.puppycrawl.tools.checkstyle.checks.naming.MethodNameCheck"/>
<error line="18" column="5" severity="error" message="Class &apos;SignUp&apos; looks like designed for extension (can be subclassed), but the method &apos;ask_lastName&apos; does not have javadoc that explains how to do that safely. If class is not designed for extension consider making the class &apos;SignUp&apos; final or making the method &apos;ask_lastName&apos; static/final/abstract/empty, or adding allowed annotation for the method." source="com.puppycrawl.tools.checkstyle.checks.design.DesignForExtensionCheck"/>
<error line="18" column="10" severity="error" message="Name &apos;ask_lastName&apos; must match pattern &apos;^[a-z][a-zA-Z0-9]*$&apos;." source="com.puppycrawl.tools.checkstyle.checks.naming.MethodNameCheck"/>
<error line="22" column="5" severity="error" message="Class &apos;SignUp&apos; looks like designed for extension (can be subclassed), but the method &apos;ask_userName&apos; does not have javadoc that explains how to do that safely. If class is not designed for extension consider making the class &apos;SignUp&apos; final or making the method &apos;ask_userName&apos; static/final/abstract/empty, or adding allowed annotation for the method." source="com.puppycrawl.tools.checkstyle.checks.design.DesignForExtensionCheck"/>
<error line="22" column="11" severity="error" message="Name &apos;ask_userName&apos; must match pattern &apos;^[a-z][a-zA-Z0-9]*$&apos;." source="com.puppycrawl.tools.checkstyle.checks.naming.MethodNameCheck"/>
<error line="26" column="5" severity="error" message="Class &apos;SignUp&apos; looks like designed for extension (can be subclassed), but the method &apos;ask_password&apos; does not have javadoc that explains how to do that safely. If class is not designed for extension consider making the class &apos;SignUp&apos; final or making the method &apos;ask_password&apos; static/final/abstract/empty, or adding allowed annotation for the method." source="com.puppycrawl.tools.checkstyle.checks.design.DesignForExtensionCheck"/>
<error line="26" column="11" severity="error" message="Name &apos;ask_password&apos; must match pattern &apos;^[a-z][a-zA-Z0-9]*$&apos;." source="com.puppycrawl.tools.checkstyle.checks.naming.MethodNameCheck"/>
<error line="30" column="5" severity="error" message="Class &apos;SignUp&apos; looks like designed for extension (can be subclassed), but the method &apos;ask_email&apos; does not have javadoc that explains how to do that safely. If class is not designed for extension consider making the class &apos;SignUp&apos; final or making the method &apos;ask_email&apos; static/final/abstract/empty, or adding allowed annotation for the method." source="com.puppycrawl.tools.checkstyle.checks.design.DesignForExtensionCheck"/>
<error line="30" column="10" severity="error" message="Name &apos;ask_email&apos; must match pattern &apos;^[a-z][a-zA-Z0-9]*$&apos;." source="com.puppycrawl.tools.checkstyle.checks.naming.MethodNameCheck"/>
<error line="34" column="5" severity="error" message="Class &apos;SignUp&apos; looks like designed for extension (can be subclassed), but the method &apos;ask_studentNumber&apos; does not have javadoc that explains how to do that safely. If class is not designed for extension consider making the class &apos;SignUp&apos; final or making the method &apos;ask_studentNumber&apos; static/final/abstract/empty, or adding allowed annotation for the method." source="com.puppycrawl.tools.checkstyle.checks.design.DesignForExtensionCheck"/>
<error line="34" column="10" severity="error" message="Name &apos;ask_studentNumber&apos; must match pattern &apos;^[a-z][a-zA-Z0-9]*$&apos;." source="com.puppycrawl.tools.checkstyle.checks.naming.MethodNameCheck"/>
<error line="38" column="5" severity="error" message="Class &apos;SignUp&apos; looks like designed for extension (can be subclassed), but the method &apos;ask_date_of_Birth&apos; does not have javadoc that explains how to do that safely. If class is not designed for extension consider making the class &apos;SignUp&apos; final or making the method &apos;ask_date_of_Birth&apos; static/final/abstract/empty, or adding allowed annotation for the method." source="com.puppycrawl.tools.checkstyle.checks.design.DesignForExtensionCheck"/>
<error line="38" column="10" severity="error" message="Name &apos;ask_date_of_Birth&apos; must match pattern &apos;^[a-z][a-zA-Z0-9]*$&apos;." source="com.puppycrawl.tools.checkstyle.checks.naming.MethodNameCheck"/>
<error line="42" column="5" severity="error" message="Class &apos;SignUp&apos; looks like designed for extension (can be subclassed), but the method &apos;ask_studyDepartment&apos; does not have javadoc that explains how to do that safely. If class is not designed for extension consider making the class &apos;SignUp&apos; final or making the method &apos;ask_studyDepartment&apos; static/final/abstract/empty, or adding allowed annotation for the method." source="com.puppycrawl.tools.checkstyle.checks.design.DesignForExtensionCheck"/>
<error line="42" column="10" severity="error" message="Name &apos;ask_studyDepartment&apos; must match pattern &apos;^[a-z][a-zA-Z0-9]*$&apos;." source="com.puppycrawl.tools.checkstyle.checks.naming.MethodNameCheck"/>
<error line="44" column="20" severity="error" message="&apos;=&apos; is not followed by whitespace." source="com.puppycrawl.tools.checkstyle.checks.whitespace.WhitespaceAroundCheck"/>
<error line="44" column="20" severity="error" message="&apos;=&apos; is not preceded with whitespace." source="com.puppycrawl.tools.checkstyle.checks.whitespace.WhitespaceAroundCheck"/>
</file>
<file name="C:\Users\gousis\Documents\Πανεπιστήμιο\3ο Εξάμηνο\Προγραμματισμός II\Ομαδική\Programming-II\social-network\src\main\java\com\dmst\president\User.java">
<error line="4" severity="error" message="Line has trailing spaces." source="com.puppycrawl.tools.checkstyle.checks.regexp.RegexpSinglelineCheck"/>
<error line="4" column="1" severity="error" message="File contains tab characters (this is the first instance)." source="com.puppycrawl.tools.checkstyle.checks.whitespace.FileTabCharacterCheck"/>
<error line="5" severity="error" message="Line has trailing spaces." source="com.puppycrawl.tools.checkstyle.checks.regexp.RegexpSinglelineCheck"/>
<error line="5" column="24" severity="error" message="Name &apos;first_name&apos; must match pattern &apos;^[a-z][a-zA-Z0-9]*$&apos;." source="com.puppycrawl.tools.checkstyle.checks.naming.MemberNameCheck"/>
<error line="6" column="24" severity="error" message="Name &apos;last_name&apos; must match pattern &apos;^[a-z][a-zA-Z0-9]*$&apos;." source="com.puppycrawl.tools.checkstyle.checks.naming.MemberNameCheck"/>
<error line="7" column="24" severity="error" message="Name &apos;user_name&apos; must match pattern &apos;^[a-z][a-zA-Z0-9]*$&apos;." source="com.puppycrawl.tools.checkstyle.checks.naming.MemberNameCheck"/>
<error line="10" column="24" severity="error" message="Name &apos;student_number&apos; must match pattern &apos;^[a-z][a-zA-Z0-9]*$&apos;." source="com.puppycrawl.tools.checkstyle.checks.naming.MemberNameCheck"/>
<error line="11" column="22" severity="error" message="Name &apos;date_of_birth&apos; must match pattern &apos;^[a-z][a-zA-Z0-9]*$&apos;." source="com.puppycrawl.tools.checkstyle.checks.naming.MemberNameCheck"/>
<error line="12" column="24" severity="error" message="Name &apos;study_department&apos; must match pattern &apos;^[a-z][a-zA-Z0-9]*$&apos;." source="com.puppycrawl.tools.checkstyle.checks.naming.MemberNameCheck"/>
<error line="14" severity="error" message="Line has trailing spaces." source="com.puppycrawl.tools.checkstyle.checks.regexp.RegexpSinglelineCheck"/>
<error line="15" column="16" severity="error" message="Name &apos;getFirst_name&apos; must match pattern &apos;^[a-z][a-zA-Z0-9]*$&apos;." source="com.puppycrawl.tools.checkstyle.checks.naming.MethodNameCheck"/>
<error line="18" column="14" severity="error" message="Name &apos;setFirst_name&apos; must match pattern &apos;^[a-z][a-zA-Z0-9]*$&apos;." source="com.puppycrawl.tools.checkstyle.checks.naming.MethodNameCheck"/>
<error line="18" column="28" severity="error" message="Parameter first_name should be final." source="com.puppycrawl.tools.checkstyle.checks.FinalParametersCheck"/>
<error line="18" column="35" severity="error" message="&apos;first_name&apos; hides a field." source="com.puppycrawl.tools.checkstyle.checks.coding.HiddenFieldCheck"/>
<error line="18" column="35" severity="error" message="Name &apos;first_name&apos; must match pattern &apos;^[a-z][a-zA-Z0-9]*$&apos;." source="com.puppycrawl.tools.checkstyle.checks.naming.ParameterNameCheck"/>
<error line="21" column="16" severity="error" message="Name &apos;getLast_name&apos; must match pattern &apos;^[a-z][a-zA-Z0-9]*$&apos;." source="com.puppycrawl.tools.checkstyle.checks.naming.MethodNameCheck"/>
<error line="24" column="14" severity="error" message="Name &apos;setLast_name&apos; must match pattern &apos;^[a-z][a-zA-Z0-9]*$&apos;." source="com.puppycrawl.tools.checkstyle.checks.naming.MethodNameCheck"/>
<error line="24" column="27" severity="error" message="Parameter last_name should be final." source="com.puppycrawl.tools.checkstyle.checks.FinalParametersCheck"/>
<error line="24" column="34" severity="error" message="&apos;last_name&apos; hides a field." source="com.puppycrawl.tools.checkstyle.checks.coding.HiddenFieldCheck"/>
<error line="24" column="34" severity="error" message="Name &apos;last_name&apos; must match pattern &apos;^[a-z][a-zA-Z0-9]*$&apos;." source="com.puppycrawl.tools.checkstyle.checks.naming.ParameterNameCheck"/>
<error line="27" column="16" severity="error" message="Name &apos;getUser_name&apos; must match pattern &apos;^[a-z][a-zA-Z0-9]*$&apos;." source="com.puppycrawl.tools.checkstyle.checks.naming.MethodNameCheck"/>
<error line="30" column="14" severity="error" message="Name &apos;setUser_name&apos; must match pattern &apos;^[a-z][a-zA-Z0-9]*$&apos;." source="com.puppycrawl.tools.checkstyle.checks.naming.MethodNameCheck"/>
<error line="30" column="27" severity="error" message="Parameter user_name should be final." source="com.puppycrawl.tools.checkstyle.checks.FinalParametersCheck"/>
<error line="30" column="34" severity="error" message="&apos;user_name&apos; hides a field." source="com.puppycrawl.tools.checkstyle.checks.coding.HiddenFieldCheck"/>
<error line="30" column="34" severity="error" message="Name &apos;user_name&apos; must match pattern &apos;^[a-z][a-zA-Z0-9]*$&apos;." source="com.puppycrawl.tools.checkstyle.checks.naming.ParameterNameCheck"/>
<error line="36" column="26" severity="error" message="Parameter password should be final." source="com.puppycrawl.tools.checkstyle.checks.FinalParametersCheck"/>
<error line="36" column="33" severity="error" message="&apos;password&apos; hides a field." source="com.puppycrawl.tools.checkstyle.checks.coding.HiddenFieldCheck"/>
<error line="42" column="23" severity="error" message="Parameter email should be final." source="com.puppycrawl.tools.checkstyle.checks.FinalParametersCheck"/>
<error line="42" column="30" severity="error" message="&apos;email&apos; hides a field." source="com.puppycrawl.tools.checkstyle.checks.coding.HiddenFieldCheck"/>
<error line="45" column="16" severity="error" message="Name &apos;getStudent_number&apos; must match pattern &apos;^[a-z][a-zA-Z0-9]*$&apos;." source="com.puppycrawl.tools.checkstyle.checks.naming.MethodNameCheck"/>
<error line="48" column="14" severity="error" message="Name &apos;setStudent_number&apos; must match pattern &apos;^[a-z][a-zA-Z0-9]*$&apos;." source="com.puppycrawl.tools.checkstyle.checks.naming.MethodNameCheck"/>
<error line="48" column="32" severity="error" message="Parameter student_number should be final." source="com.puppycrawl.tools.checkstyle.checks.FinalParametersCheck"/>
<error line="48" column="39" severity="error" message="&apos;student_number&apos; hides a field." source="com.puppycrawl.tools.checkstyle.checks.coding.HiddenFieldCheck"/>
<error line="48" column="39" severity="error" message="Name &apos;student_number&apos; must match pattern &apos;^[a-z][a-zA-Z0-9]*$&apos;." source="com.puppycrawl.tools.checkstyle.checks.naming.ParameterNameCheck"/>
<error line="51" column="14" severity="error" message="Name &apos;getDate_of_birth&apos; must match pattern &apos;^[a-z][a-zA-Z0-9]*$&apos;." source="com.puppycrawl.tools.checkstyle.checks.naming.MethodNameCheck"/>
<error line="54" column="14" severity="error" message="Name &apos;setDate_of_birth&apos; must match pattern &apos;^[a-z][a-zA-Z0-9]*$&apos;." source="com.puppycrawl.tools.checkstyle.checks.naming.MethodNameCheck"/>
<error line="54" column="31" severity="error" message="Parameter date_of_birth should be final." source="com.puppycrawl.tools.checkstyle.checks.FinalParametersCheck"/>
<error line="54" column="36" severity="error" message="&apos;date_of_birth&apos; hides a field." source="com.puppycrawl.tools.checkstyle.checks.coding.HiddenFieldCheck"/>
<error line="54" column="36" severity="error" message="Name &apos;date_of_birth&apos; must match pattern &apos;^[a-z][a-zA-Z0-9]*$&apos;." source="com.puppycrawl.tools.checkstyle.checks.naming.ParameterNameCheck"/>
<error line="57" column="16" severity="error" message="Name &apos;getStudy_department&apos; must match pattern &apos;^[a-z][a-zA-Z0-9]*$&apos;." source="com.puppycrawl.tools.checkstyle.checks.naming.MethodNameCheck"/>
<error line="60" column="14" severity="error" message="Name &apos;setStudy_department&apos; must match pattern &apos;^[a-z][a-zA-Z0-9]*$&apos;." source="com.puppycrawl.tools.checkstyle.checks.naming.MethodNameCheck"/>
<error line="60" column="34" severity="error" message="Parameter study_department should be final." source="com.puppycrawl.tools.checkstyle.checks.FinalParametersCheck"/>
<error line="60" column="41" severity="error" message="&apos;study_department&apos; hides a field." source="com.puppycrawl.tools.checkstyle.checks.coding.HiddenFieldCheck"/>
<error line="60" column="41" severity="error" message="Name &apos;study_department&apos; must match pattern &apos;^[a-z][a-zA-Z0-9]*$&apos;." source="com.puppycrawl.tools.checkstyle.checks.naming.ParameterNameCheck"/>
<error line="63" severity="error" message="Line has trailing spaces." source="com.puppycrawl.tools.checkstyle.checks.regexp.RegexpSinglelineCheck"/>
<error line="64" column="24" severity="error" message="Parameter username should be final." source="com.puppycrawl.tools.checkstyle.checks.FinalParametersCheck"/>
<error line="64" column="41" severity="error" message="Parameter password should be final." source="com.puppycrawl.tools.checkstyle.checks.FinalParametersCheck"/>
<error line="64" column="48" severity="error" message="&apos;password&apos; hides a field." source="com.puppycrawl.tools.checkstyle.checks.coding.HiddenFieldCheck"/>
<error line="65" severity="error" message="Line is longer than 80 characters (found 82)." source="com.puppycrawl.tools.checkstyle.checks.sizes.LineLengthCheck"/>
<error line="65" column="17" severity="error" message="Conditional logic can be removed." source="com.puppycrawl.tools.checkstyle.checks.coding.SimplifyBooleanReturnCheck"/>
<error line="71" severity="error" message="Line is longer than 80 characters (found 121)." source="com.puppycrawl.tools.checkstyle.checks.sizes.LineLengthCheck"/>
<error line="71" column="9" severity="error" message="More than 7 parameters (found 8)." source="com.puppycrawl.tools.checkstyle.checks.sizes.ParameterNumberCheck"/>
<error line="71" column="14" severity="error" message="Parameter first_name should be final." source="com.puppycrawl.tools.checkstyle.checks.FinalParametersCheck"/>
<error line="71" column="21" severity="error" message="&apos;first_name&apos; hides a field." source="com.puppycrawl.tools.checkstyle.checks.coding.HiddenFieldCheck"/>
<error line="71" column="21" severity="error" message="Name &apos;first_name&apos; must match pattern &apos;^[a-z][a-zA-Z0-9]*$&apos;." source="com.puppycrawl.tools.checkstyle.checks.naming.ParameterNameCheck"/>
<error line="71" column="33" severity="error" message="Parameter last_name should be final." source="com.puppycrawl.tools.checkstyle.checks.FinalParametersCheck"/>
<error line="71" column="40" severity="error" message="&apos;last_name&apos; hides a field." source="com.puppycrawl.tools.checkstyle.checks.coding.HiddenFieldCheck"/>
<error line="71" column="40" severity="error" message="Name &apos;last_name&apos; must match pattern &apos;^[a-z][a-zA-Z0-9]*$&apos;." source="com.puppycrawl.tools.checkstyle.checks.naming.ParameterNameCheck"/>
<error line="71" column="51" severity="error" message="Parameter user_name should be final." source="com.puppycrawl.tools.checkstyle.checks.FinalParametersCheck"/>
<error line="71" column="58" severity="error" message="&apos;user_name&apos; hides a field." source="com.puppycrawl.tools.checkstyle.checks.coding.HiddenFieldCheck"/>
<error line="71" column="58" severity="error" message="Name &apos;user_name&apos; must match pattern &apos;^[a-z][a-zA-Z0-9]*$&apos;." source="com.puppycrawl.tools.checkstyle.checks.naming.ParameterNameCheck"/>
<error line="71" column="69" severity="error" message="Parameter password should be final." source="com.puppycrawl.tools.checkstyle.checks.FinalParametersCheck"/>
<error line="71" column="76" severity="error" message="&apos;password&apos; hides a field." source="com.puppycrawl.tools.checkstyle.checks.coding.HiddenFieldCheck"/>
<error line="71" column="86" severity="error" message="Parameter email should be final." source="com.puppycrawl.tools.checkstyle.checks.FinalParametersCheck"/>
<error line="71" column="93" severity="error" message="&apos;email&apos; hides a field." source="com.puppycrawl.tools.checkstyle.checks.coding.HiddenFieldCheck"/>
<error line="71" column="100" severity="error" message="Parameter student_number should be final." source="com.puppycrawl.tools.checkstyle.checks.FinalParametersCheck"/>
<error line="71" column="107" severity="error" message="&apos;student_number&apos; hides a field." source="com.puppycrawl.tools.checkstyle.checks.coding.HiddenFieldCheck"/>
<error line="71" column="107" severity="error" message="Name &apos;student_number&apos; must match pattern &apos;^[a-z][a-zA-Z0-9]*$&apos;." source="com.puppycrawl.tools.checkstyle.checks.naming.ParameterNameCheck"/>
<error line="72" column="25" severity="error" message="Parameter date_of_birth should be final." source="com.puppycrawl.tools.checkstyle.checks.FinalParametersCheck"/>
<error line="72" column="30" severity="error" message="&apos;date_of_birth&apos; hides a field." source="com.puppycrawl.tools.checkstyle.checks.coding.HiddenFieldCheck"/>
<error line="72" column="30" severity="error" message="Name &apos;date_of_birth&apos; must match pattern &apos;^[a-z][a-zA-Z0-9]*$&apos;." source="com.puppycrawl.tools.checkstyle.checks.naming.ParameterNameCheck"/>
<error line="72" column="45" severity="error" message="Parameter study_department should be final." source="com.puppycrawl.tools.checkstyle.checks.FinalParametersCheck"/>
<error line="72" column="52" severity="error" message="&apos;study_department&apos; hides a field." source="com.puppycrawl.tools.checkstyle.checks.coding.HiddenFieldCheck"/>
<error line="72" column="52" severity="error" message="Name &apos;study_department&apos; must match pattern &apos;^[a-z][a-zA-Z0-9]*$&apos;." source="com.puppycrawl.tools.checkstyle.checks.naming.ParameterNameCheck"/>
<error line="84" severity="error" message="Line has trailing spaces." source="com.puppycrawl.tools.checkstyle.checks.regexp.RegexpSinglelineCheck"/>
</file>
</checkstyle>
